{
  "stats": {
    "suites": 2,
    "tests": 3,
    "passes": 2,
    "pending": 0,
    "failures": 1,
    "start": "2025-03-31T18:15:20.978Z",
    "end": "2025-03-31T18:15:23.729Z",
    "duration": 2751,
    "testsRegistered": 3,
    "passPercent": 66.66666666666666,
    "pendingPercent": 0,
    "other": 0,
    "hasOther": false,
    "skipped": 0,
    "hasSkipped": false
  },
  "results": [
    {
      "uuid": "498c3b90-cb92-4065-9862-1a6c3ca7f5c8",
      "title": "",
      "fullFile": "",
      "file": "",
      "beforeHooks": [],
      "afterHooks": [],
      "tests": [],
      "suites": [
        {
          "uuid": "27b7f33e-b3b2-48a7-8e5f-8516735c8683",
          "title": "Test add todo tests - secondTest",
          "fullFile": "C:\\Workspace\\seleniumDemo\\test\\secondTest.js",
          "file": "\\test\\secondTest.js",
          "beforeHooks": [],
          "afterHooks": [],
          "tests": [
            {
              "title": "Test add todo - secondTest",
              "fullTitle": "Test add todo tests - secondTest Test add todo - secondTest",
              "timedOut": false,
              "duration": 0,
              "state": "failed",
              "speed": null,
              "pass": false,
              "fail": true,
              "pending": false,
              "context": null,
              "code": "// Launch the browser\n        // let driver = await new Builder().forBrowser(\"chrome\").build();\n        //  let driver = await new Builder().setChromeOptions(new chrome.Options().headless()).Build();\n        const options = new chrome.Options();\n        let driver = await new Builder().forBrowser(Browser.CHROME).setChromeOptions(options.addArguments('--headless')).build();\n        // Launch the browser\n        //let driver = await new Builder().forBrowser(\"chrome\").setChromeOptions(options).build();\n        //let driver = await new Builder().forBrowser(\"chrome\").setChromeOptions(new chrome.Options().headless()).build();\n        //driver.setChromeOptions(new chrome.Options().headless());\n        //navigate to our application\n        await driver.get(\"https://lambdatest.github.io/sample-todo-app/\");\n        //add a todo\n        await driver.findElement(By.id(\"sampletodotext\")).sendKeys(\"Sel Test\", Key.RETURN);\n        // assert using Node js assertions\n        let todoText = await driver.findElement(By.xpath(\"//li[last()]\")).getText();\n        //assert using chai should\n        todoText.should.equal(\"Sel Test\")\n        //close browser\n        await driver.quit();",
              "err": {
                "message": "ReferenceError: chrome is not defined",
                "estack": "ReferenceError: chrome is not defined\n    at Context.<anonymous> (test\\secondTest.js:13:25)\n    at process.processImmediate (node:internal/timers:491:21)",
                "diff": null
              },
              "uuid": "b4f77223-7d2b-403f-99a2-3059d7bec58a",
              "parentUUID": "27b7f33e-b3b2-48a7-8e5f-8516735c8683",
              "isHook": false,
              "skipped": false
            }
          ],
          "suites": [],
          "passes": [],
          "failures": [
            "b4f77223-7d2b-403f-99a2-3059d7bec58a"
          ],
          "pending": [],
          "skipped": [],
          "duration": 0,
          "root": false,
          "rootEmpty": false,
          "_timeout": 0
        },
        {
          "uuid": "635001e4-6071-450f-a16a-76860193054f",
          "title": "Test add todo tests - thirdTest",
          "fullFile": "C:\\Workspace\\seleniumDemo\\test\\thirdTest.js",
          "file": "\\test\\thirdTest.js",
          "beforeHooks": [],
          "afterHooks": [],
          "tests": [
            {
              "title": "Test add todo - thirdTest",
              "fullTitle": "Test add todo tests - thirdTest Test add todo - thirdTest",
              "timedOut": false,
              "duration": 1474,
              "state": "passed",
              "speed": "slow",
              "pass": true,
              "fail": false,
              "pending": false,
              "context": null,
              "code": "//Set expected value\n        let expectedValue = \"Selenium Test\"\n        // Launch the browser\n        //let driver = await new Builder().forBrowser(\"chrome\").build();\n        //let driver = await new Builder().setChromeOptions(new chrome.Options().headless()).Build();\n        // Launch the browser\n        let driver = await new Builder().forBrowser(\"chrome\").build();\n        //let driver = await new Builder().forBrowser(\"chrome\").setChromeOptions(new chrome.Options().headless()).build();\n        //driver.setChromeOptions(new chrome.Options().headless());\n        //navigate to our application\n        await driver.get(\"https://lambdatest.github.io/sample-todo-app/\");\n        //add a todo\n        await driver.findElement(By.id(\"sampletodotext\")).sendKeys(expectedValue, Key.RETURN);\n        // assert using Node js assertions\n        let todoText = await driver.findElement(By.xpath(\"//li[last()]\")).getText();\n        //assert using chai should\n        todoText.should.equal(expectedValue)\n        //close browser\n        await driver.quit();",
              "err": {},
              "uuid": "268e55e6-48ae-43ae-8a87-7dcd8fbcadef",
              "parentUUID": "635001e4-6071-450f-a16a-76860193054f",
              "isHook": false,
              "skipped": false
            },
            {
              "title": "Test add todo - fourthTest - for reporting ",
              "fullTitle": "Test add todo tests - thirdTest Test add todo - fourthTest - for reporting ",
              "timedOut": false,
              "duration": 1261,
              "state": "passed",
              "speed": "slow",
              "pass": true,
              "fail": false,
              "pending": false,
              "context": null,
              "code": "//Set expected value\n        let expectedValue = \"Selenium Test\"\n        // Launch the browser\n        //let driver = await new Builder().forBrowser(\"chrome\").build();\n        //let driver = await new Builder().forBrowser(\"chrome\").setChromeOptions(new chrome.Options().headless()).build();\n        // driver.setChromeOptions(new chrome.Options().headless());\n        // Launch the browser\n        let driver = await new Builder().forBrowser(\"chrome\").build();\n        //let driver = await new Builder().forBrowser(\"chrome\").setChromeOptions(new chrome.Options().headless()).build();\n        //driver.setChromeOptions(new chrome.Options().headless());\n        //navigate to our application\n        await driver.get(\"https://lambdatest.github.io/sample-todo-app/\");\n        //add a todo\n        await driver.findElement(By.id(\"sampletodotext\")).sendKeys(expectedValue, Key.RETURN);\n        // assert using Node js assertions\n        let todoText = await driver.findElement(By.xpath(\"//li[last()]\")).getText();\n        //assert using chai should\n        todoText.should.equal(expectedValue)\n        //close browser\n        await driver.quit();",
              "err": {},
              "uuid": "52160f7e-3625-4ade-be74-e5adf48228d1",
              "parentUUID": "635001e4-6071-450f-a16a-76860193054f",
              "isHook": false,
              "skipped": false
            }
          ],
          "suites": [],
          "passes": [
            "268e55e6-48ae-43ae-8a87-7dcd8fbcadef",
            "52160f7e-3625-4ade-be74-e5adf48228d1"
          ],
          "failures": [],
          "pending": [],
          "skipped": [],
          "duration": 2735,
          "root": false,
          "rootEmpty": false,
          "_timeout": 0
        }
      ],
      "passes": [],
      "failures": [],
      "pending": [],
      "skipped": [],
      "duration": 0,
      "root": true,
      "rootEmpty": true,
      "_timeout": 0
    }
  ],
  "meta": {
    "mocha": {
      "version": "11.1.0"
    },
    "mochawesome": {
      "options": {
        "quiet": false,
        "reportFilename": "[status]-[datetime]-[name]-report",
        "saveHtml": true,
        "saveJson": true,
        "consoleReporter": "spec",
        "useInlineDiffs": false,
        "code": true
      },
      "version": "7.1.3"
    },
    "marge": {
      "options": {
        "reportDir": "/Workspace/seleniumDemo/TestReports",
        "reportFilename": "[status]-[datetime]-[name]-report"
      },
      "version": "6.2.0"
    }
  }
}