{
  "stats": {
    "suites": 2,
    "tests": 3,
    "passes": 2,
    "pending": 0,
    "failures": 1,
    "start": "2025-03-31T18:22:01.642Z",
    "end": "2025-03-31T18:22:04.386Z",
    "duration": 2744,
    "testsRegistered": 3,
    "passPercent": 66.66666666666666,
    "pendingPercent": 0,
    "other": 0,
    "hasOther": false,
    "skipped": 0,
    "hasSkipped": false
  },
  "results": [
    {
      "uuid": "f8a52962-2377-4300-a7a8-40370e0b4ca6",
      "title": "",
      "fullFile": "",
      "file": "",
      "beforeHooks": [],
      "afterHooks": [],
      "tests": [],
      "suites": [
        {
          "uuid": "a22dc760-c548-49d3-b037-e730548f72bc",
          "title": "Test add todo tests - secondTest",
          "fullFile": "C:\\Workspace\\seleniumDemo\\test\\secondTest.js",
          "file": "\\test\\secondTest.js",
          "beforeHooks": [],
          "afterHooks": [],
          "tests": [
            {
              "title": "Test add todo - secondTest",
              "fullTitle": "Test add todo tests - secondTest Test add todo - secondTest",
              "timedOut": false,
              "duration": 0,
              "state": "failed",
              "speed": null,
              "pass": false,
              "fail": true,
              "pending": false,
              "context": null,
              "code": "// Launch the browser\n        // let driver = await new Builder().forBrowser(\"chrome\").build();\n        //  let driver = await new Builder().setChromeOptions(new chrome.Options().headless()).Build();\n        const options = new chrome.Options();\n        let driver = await new Builder().forBrowser(Browser.CHROME).setChromeOptions(options.addArguments('--headless=new')).build();\n        // Launch the browser\n        //let driver = await new Builder().forBrowser(\"chrome\").setChromeOptions(options).build();\n        //let driver = await new Builder().forBrowser(\"chrome\").setChromeOptions(new chrome.Options().headless()).build();\n        //driver.setChromeOptions(new chrome.Options().headless());\n        //navigate to our application\n        await driver.get(\"https://lambdatest.github.io/sample-todo-app/\");\n        //add a todo\n        await driver.findElement(By.id(\"sampletodotext\")).sendKeys(\"Sel Test\", Key.RETURN);\n        // assert using Node js assertions\n        let todoText = await driver.findElement(By.xpath(\"//li[last()]\")).getText();\n        //assert using chai should\n        todoText.should.equal(\"Sel Test\")\n        //close browser\n        await driver.quit();",
              "err": {
                "message": "ReferenceError: chrome is not defined",
                "estack": "ReferenceError: chrome is not defined\n    at Context.<anonymous> (test\\secondTest.js:13:25)\n    at process.processImmediate (node:internal/timers:491:21)",
                "diff": null
              },
              "uuid": "2878df7e-b6bc-4c2b-baa3-ea056aed3c6a",
              "parentUUID": "a22dc760-c548-49d3-b037-e730548f72bc",
              "isHook": false,
              "skipped": false
            }
          ],
          "suites": [],
          "passes": [],
          "failures": [
            "2878df7e-b6bc-4c2b-baa3-ea056aed3c6a"
          ],
          "pending": [],
          "skipped": [],
          "duration": 0,
          "root": false,
          "rootEmpty": false,
          "_timeout": 0
        },
        {
          "uuid": "5aecc13b-6329-4c23-87c9-3d31e4b0768f",
          "title": "Test add todo tests - thirdTest",
          "fullFile": "C:\\Workspace\\seleniumDemo\\test\\thirdTest.js",
          "file": "\\test\\thirdTest.js",
          "beforeHooks": [],
          "afterHooks": [],
          "tests": [
            {
              "title": "Test add todo - thirdTest",
              "fullTitle": "Test add todo tests - thirdTest Test add todo - thirdTest",
              "timedOut": false,
              "duration": 1476,
              "state": "passed",
              "speed": "slow",
              "pass": true,
              "fail": false,
              "pending": false,
              "context": null,
              "code": "//Set expected value\n        let expectedValue = \"Selenium Test\"\n        // Launch the browser\n        //let driver = await new Builder().forBrowser(\"chrome\").build();\n        //let driver = await new Builder().setChromeOptions(new chrome.Options().headless()).Build();\n        // Launch the browser\n        let driver = await new Builder().forBrowser(\"chrome\").build();\n        //let driver = await new Builder().forBrowser(\"chrome\").setChromeOptions(new chrome.Options().headless()).build();\n        //driver.setChromeOptions(new chrome.Options().headless());\n        //navigate to our application\n        await driver.get(\"https://lambdatest.github.io/sample-todo-app/\");\n        //add a todo\n        await driver.findElement(By.id(\"sampletodotext\")).sendKeys(expectedValue, Key.RETURN);\n        // assert using Node js assertions\n        let todoText = await driver.findElement(By.xpath(\"//li[last()]\")).getText();\n        //assert using chai should\n        todoText.should.equal(expectedValue)\n        //close browser\n        await driver.quit();",
              "err": {},
              "uuid": "1fe977e7-070b-4e44-8d9a-55186cf78239",
              "parentUUID": "5aecc13b-6329-4c23-87c9-3d31e4b0768f",
              "isHook": false,
              "skipped": false
            },
            {
              "title": "Test add todo - fourthTest - for reporting ",
              "fullTitle": "Test add todo tests - thirdTest Test add todo - fourthTest - for reporting ",
              "timedOut": false,
              "duration": 1254,
              "state": "passed",
              "speed": "slow",
              "pass": true,
              "fail": false,
              "pending": false,
              "context": null,
              "code": "//Set expected value\n        let expectedValue = \"Selenium Test\"\n        // Launch the browser\n        //let driver = await new Builder().forBrowser(\"chrome\").build();\n        //let driver = await new Builder().forBrowser(\"chrome\").setChromeOptions(new chrome.Options().headless()).build();\n        // driver.setChromeOptions(new chrome.Options().headless());\n        // Launch the browser\n        let driver = await new Builder().forBrowser(\"chrome\").build();\n        //let driver = await new Builder().forBrowser(\"chrome\").setChromeOptions(new chrome.Options().headless()).build();\n        //driver.setChromeOptions(new chrome.Options().headless());\n        //navigate to our application\n        await driver.get(\"https://lambdatest.github.io/sample-todo-app/\");\n        //add a todo\n        await driver.findElement(By.id(\"sampletodotext\")).sendKeys(expectedValue, Key.RETURN);\n        // assert using Node js assertions\n        let todoText = await driver.findElement(By.xpath(\"//li[last()]\")).getText();\n        //assert using chai should\n        todoText.should.equal(expectedValue)\n        //close browser\n        await driver.quit();",
              "err": {},
              "uuid": "17ea71fc-fbf9-4405-b528-696f057399bc",
              "parentUUID": "5aecc13b-6329-4c23-87c9-3d31e4b0768f",
              "isHook": false,
              "skipped": false
            }
          ],
          "suites": [],
          "passes": [
            "1fe977e7-070b-4e44-8d9a-55186cf78239",
            "17ea71fc-fbf9-4405-b528-696f057399bc"
          ],
          "failures": [],
          "pending": [],
          "skipped": [],
          "duration": 2730,
          "root": false,
          "rootEmpty": false,
          "_timeout": 0
        }
      ],
      "passes": [],
      "failures": [],
      "pending": [],
      "skipped": [],
      "duration": 0,
      "root": true,
      "rootEmpty": true,
      "_timeout": 0
    }
  ],
  "meta": {
    "mocha": {
      "version": "11.1.0"
    },
    "mochawesome": {
      "options": {
        "quiet": false,
        "reportFilename": "[status]-[datetime]-[name]-report",
        "saveHtml": true,
        "saveJson": true,
        "consoleReporter": "spec",
        "useInlineDiffs": false,
        "code": true
      },
      "version": "7.1.3"
    },
    "marge": {
      "options": {
        "reportDir": "/Workspace/seleniumDemo/TestReports",
        "reportFilename": "[status]-[datetime]-[name]-report"
      },
      "version": "6.2.0"
    }
  }
}