{
  "stats": {
    "suites": 2,
    "tests": 3,
    "passes": 2,
    "pending": 0,
    "failures": 1,
    "start": "2025-03-31T13:52:01.818Z",
    "end": "2025-03-31T13:52:05.832Z",
    "duration": 4014,
    "testsRegistered": 3,
    "passPercent": 66.66666666666666,
    "pendingPercent": 0,
    "other": 0,
    "hasOther": false,
    "skipped": 0,
    "hasSkipped": false
  },
  "results": [
    {
      "uuid": "65408e1f-df77-4894-a8cb-df98dee598e0",
      "title": "",
      "fullFile": "",
      "file": "",
      "beforeHooks": [],
      "afterHooks": [],
      "tests": [],
      "suites": [
        {
          "uuid": "ff91b654-9506-4579-b81b-8c8e43671a4b",
          "title": "Test add todo tests - secondTest",
          "fullFile": "C:\\Workspace\\seleniumDemo\\test\\secondTest.js",
          "file": "\\test\\secondTest.js",
          "beforeHooks": [],
          "afterHooks": [],
          "tests": [
            {
              "title": "Test add todo - secondTest",
              "fullTitle": "Test add todo tests - secondTest Test add todo - secondTest",
              "timedOut": false,
              "duration": 1519,
              "state": "passed",
              "speed": "slow",
              "pass": true,
              "fail": false,
              "pending": false,
              "context": null,
              "code": "// Launch the browser\n        let driver = await new Builder().forBrowser(\"chrome\").build();\n        //navigate to our application\n        await driver.get(\"https://lambdatest.github.io/sample-todo-app/\");\n        //add a todo\n        await driver.findElement(By.id(\"sampletodotext\")).sendKeys(\"Sel Test\", Key.RETURN);\n        // assert using Node js assertions\n        let todoText = await driver.findElement(By.xpath(\"//li[last()]\")).getText();\n        //assert using chai should\n        todoText.should.equal(\"Sel Test\")\n        //close browser\n        await driver.quit();",
              "err": {},
              "uuid": "beb600ea-fc1d-4fa4-bbe5-df97f0242c92",
              "parentUUID": "ff91b654-9506-4579-b81b-8c8e43671a4b",
              "isHook": false,
              "skipped": false
            }
          ],
          "suites": [],
          "passes": [
            "beb600ea-fc1d-4fa4-bbe5-df97f0242c92"
          ],
          "failures": [],
          "pending": [],
          "skipped": [],
          "duration": 1519,
          "root": false,
          "rootEmpty": false,
          "_timeout": 0
        },
        {
          "uuid": "0498dab3-4fa0-459f-a939-656c23ed3e60",
          "title": "Test add todo tests - thirdTest",
          "fullFile": "C:\\Workspace\\seleniumDemo\\test\\thirdTest.js",
          "file": "\\test\\thirdTest.js",
          "beforeHooks": [],
          "afterHooks": [],
          "tests": [
            {
              "title": "Test add todo - thirdTest",
              "fullTitle": "Test add todo tests - thirdTest Test add todo - thirdTest",
              "timedOut": false,
              "duration": 1270,
              "state": "passed",
              "speed": "slow",
              "pass": true,
              "fail": false,
              "pending": false,
              "context": null,
              "code": "//Set expected value\n        let expectedValue = \"Selenium Test\"\n        // Launch the browser\n        let driver = await new Builder().forBrowser(\"chrome\").build();\n        //navigate to our application\n        await driver.get(\"https://lambdatest.github.io/sample-todo-app/\");\n        //add a todo\n        await driver.findElement(By.id(\"sampletodotext\")).sendKeys(expectedValue, Key.RETURN);\n        // assert using Node js assertions\n        let todoText = await driver.findElement(By.xpath(\"//li[last()]\")).getText();\n        //assert using chai should\n        todoText.should.equal(expectedValue)\n        //close browser\n        await driver.quit();",
              "err": {},
              "uuid": "bdc3484a-b8c5-4422-a23a-07c59f16c4c8",
              "parentUUID": "0498dab3-4fa0-459f-a939-656c23ed3e60",
              "isHook": false,
              "skipped": false
            },
            {
              "title": "Test add todo - fourthTest - for reporting ",
              "fullTitle": "Test add todo tests - thirdTest Test add todo - fourthTest - for reporting ",
              "timedOut": false,
              "duration": 1210,
              "state": "failed",
              "speed": null,
              "pass": false,
              "fail": true,
              "pending": false,
              "context": null,
              "code": "//Set expected value\n        let expectedValue = \"Selenium Test\"\n        // Launch the browser\n        let driver = await new Builder().forBrowser(\"chrome\").build();\n        //navigate to our application\n        await driver.get(\"https://lambdatest.github.io/sample-todo-app/\");\n        //add a todo\n        await driver.findElement(By.id(\"sampletodotext\")).sendKeys(expectedValue, Key.RETURN);\n        // assert using Node js assertions\n        let todoText = await driver.findElement(By.xpath(\"//li[last()]\")).getText();\n        //assert using chai should\n        todoText.should.equal(expectedValue + \"FAIL\")\n        //close browser\n        await driver.quit();",
              "err": {
                "message": "AssertionError: expected 'Selenium Test' to equal 'Selenium TestFAIL'",
                "estack": "AssertionError: expected 'Selenium Test' to equal 'Selenium TestFAIL'\n    at Context.<anonymous> (test\\thirdTest.js:50:25)\n    at process.processTicksAndRejections (node:internal/process/task_queues:105:5)",
                "diff": "- Selenium Test\n+ Selenium TestFAIL\n"
              },
              "uuid": "ab3e6006-0597-45b0-a99b-f7246978ace9",
              "parentUUID": "0498dab3-4fa0-459f-a939-656c23ed3e60",
              "isHook": false,
              "skipped": false
            }
          ],
          "suites": [],
          "passes": [
            "bdc3484a-b8c5-4422-a23a-07c59f16c4c8"
          ],
          "failures": [
            "ab3e6006-0597-45b0-a99b-f7246978ace9"
          ],
          "pending": [],
          "skipped": [],
          "duration": 2480,
          "root": false,
          "rootEmpty": false,
          "_timeout": 0
        }
      ],
      "passes": [],
      "failures": [],
      "pending": [],
      "skipped": [],
      "duration": 0,
      "root": true,
      "rootEmpty": true,
      "_timeout": 0
    }
  ],
  "meta": {
    "mocha": {
      "version": "11.1.0"
    },
    "mochawesome": {
      "options": {
        "quiet": false,
        "reportFilename": "[status]-[datetime]-[name]-report",
        "saveHtml": true,
        "saveJson": true,
        "consoleReporter": "spec",
        "useInlineDiffs": false,
        "code": true
      },
      "version": "7.1.3"
    },
    "marge": {
      "options": {
        "reportDir": "/Workspace/seleniumDemo/TestReports",
        "reportFilename": "[status]-[datetime]-[name]-report"
      },
      "version": "6.2.0"
    }
  }
}