{
  "stats": {
    "suites": 2,
    "tests": 3,
    "passes": 1,
    "pending": 0,
    "failures": 2,
    "start": "2025-03-31T18:24:54.659Z",
    "end": "2025-03-31T18:24:56.059Z",
    "duration": 1400,
    "testsRegistered": 3,
    "passPercent": 33.33333333333333,
    "pendingPercent": 0,
    "other": 0,
    "hasOther": false,
    "skipped": 0,
    "hasSkipped": false
  },
  "results": [
    {
      "uuid": "69e439db-1538-4bbc-a0b6-e7254a3f32c9",
      "title": "",
      "fullFile": "",
      "file": "",
      "beforeHooks": [],
      "afterHooks": [],
      "tests": [],
      "suites": [
        {
          "uuid": "07bbc436-b619-4c44-a2a7-465ee15b1634",
          "title": "Test add todo tests - secondTest",
          "fullFile": "C:\\Workspace\\seleniumDemo\\test\\secondTest.js",
          "file": "\\test\\secondTest.js",
          "beforeHooks": [],
          "afterHooks": [],
          "tests": [
            {
              "title": "Test add todo - secondTest",
              "fullTitle": "Test add todo tests - secondTest Test add todo - secondTest",
              "timedOut": false,
              "duration": 1386,
              "state": "passed",
              "speed": "slow",
              "pass": true,
              "fail": false,
              "pending": false,
              "context": null,
              "code": "// Launch the browser\n        // let driver = await new Builder().forBrowser(\"chrome\").build();\n        //  let driver = await new Builder().setChromeOptions(new chrome.Options().headless()).Build();\n        const options = new Chrome.Options();\n        let driver = await new Builder().forBrowser(Browser.CHROME).setChromeOptions(options.addArguments('--headless=new')).build();\n        // Launch the browser\n        //let driver = await new Builder().forBrowser(\"chrome\").setChromeOptions(options).build();\n        //let driver = await new Builder().forBrowser(\"chrome\").setChromeOptions(new chrome.Options().headless()).build();\n        //driver.setChromeOptions(new chrome.Options().headless());\n        //navigate to our application\n        await driver.get(\"https://lambdatest.github.io/sample-todo-app/\");\n        //add a todo\n        await driver.findElement(By.id(\"sampletodotext\")).sendKeys(\"Sel Test\", Key.RETURN);\n        // assert using Node js assertions\n        let todoText = await driver.findElement(By.xpath(\"//li[last()]\")).getText();\n        //assert using chai should\n        todoText.should.equal(\"Sel Test\")\n        //close browser\n        await driver.quit();",
              "err": {},
              "uuid": "b26fbe47-a546-4dc4-8cc3-6cd92a729ff6",
              "parentUUID": "07bbc436-b619-4c44-a2a7-465ee15b1634",
              "isHook": false,
              "skipped": false
            }
          ],
          "suites": [],
          "passes": [
            "b26fbe47-a546-4dc4-8cc3-6cd92a729ff6"
          ],
          "failures": [],
          "pending": [],
          "skipped": [],
          "duration": 1386,
          "root": false,
          "rootEmpty": false,
          "_timeout": 0
        },
        {
          "uuid": "c1e739ff-e8d6-4ee5-a35d-b82175e80676",
          "title": "Test add todo tests - thirdTest",
          "fullFile": "C:\\Workspace\\seleniumDemo\\test\\thirdTest.js",
          "file": "\\test\\thirdTest.js",
          "beforeHooks": [],
          "afterHooks": [],
          "tests": [
            {
              "title": "Test add todo - thirdTest",
              "fullTitle": "Test add todo tests - thirdTest Test add todo - thirdTest",
              "timedOut": false,
              "duration": 0,
              "state": "failed",
              "speed": null,
              "pass": false,
              "fail": true,
              "pending": false,
              "context": null,
              "code": "//Set expected value\n        let expectedValue = \"Selenium Test\"\n        const options = new Chrome.Options();\n        let driver = await new Builder().forBrowser(Browser.CHROME).setChromeOptions(options.addArguments('--headless=new')).build();\n        //navigate to our application\n        await driver.get(\"https://lambdatest.github.io/sample-todo-app/\");\n        //add a todo\n        await driver.findElement(By.id(\"sampletodotext\")).sendKeys(expectedValue, Key.RETURN);\n        // assert using Node js assertions\n        let todoText = await driver.findElement(By.xpath(\"//li[last()]\")).getText();\n        //assert using chai should\n        todoText.should.equal(expectedValue)\n        //close browser\n        await driver.quit();",
              "err": {
                "message": "ReferenceError: Chrome is not defined",
                "estack": "ReferenceError: Chrome is not defined\n    at Context.<anonymous> (test\\thirdTest.js:13:25)\n    at process.processImmediate (node:internal/timers:491:21)",
                "diff": null
              },
              "uuid": "4db23f8b-e6ff-4b82-8f7d-2bc301d42a54",
              "parentUUID": "c1e739ff-e8d6-4ee5-a35d-b82175e80676",
              "isHook": false,
              "skipped": false
            },
            {
              "title": "Test add todo - fourthTest - for reporting ",
              "fullTitle": "Test add todo tests - thirdTest Test add todo - fourthTest - for reporting ",
              "timedOut": false,
              "duration": 0,
              "state": "failed",
              "speed": null,
              "pass": false,
              "fail": true,
              "pending": false,
              "context": null,
              "code": "//Set expected value\n        let expectedValue = \"Selenium Test\"\n        const options = new Chrome.Options();\n        let driver = await new Builder().forBrowser(Browser.CHROME).setChromeOptions(options.addArguments('--headless=new')).build();\n        //let driver = await new Builder().forBrowser(\"chrome\").setChromeOptions(new chrome.Options().headless()).build();\n        //driver.setChromeOptions(new chrome.Options().headless());\n        //navigate to our application\n        await driver.get(\"https://lambdatest.github.io/sample-todo-app/\");\n        //add a todo\n        await driver.findElement(By.id(\"sampletodotext\")).sendKeys(expectedValue, Key.RETURN);\n        // assert using Node js assertions\n        let todoText = await driver.findElement(By.xpath(\"//li[last()]\")).getText();\n        //assert using chai should\n        todoText.should.equal(expectedValue)\n        //close browser\n        await driver.quit();",
              "err": {
                "message": "ReferenceError: Chrome is not defined",
                "estack": "ReferenceError: Chrome is not defined\n    at Context.<anonymous> (test\\thirdTest.js:40:25)\n    at process.processImmediate (node:internal/timers:491:21)",
                "diff": null
              },
              "uuid": "449e8828-7d67-4762-b8b4-8ab7abe0e651",
              "parentUUID": "c1e739ff-e8d6-4ee5-a35d-b82175e80676",
              "isHook": false,
              "skipped": false
            }
          ],
          "suites": [],
          "passes": [],
          "failures": [
            "4db23f8b-e6ff-4b82-8f7d-2bc301d42a54",
            "449e8828-7d67-4762-b8b4-8ab7abe0e651"
          ],
          "pending": [],
          "skipped": [],
          "duration": 0,
          "root": false,
          "rootEmpty": false,
          "_timeout": 0
        }
      ],
      "passes": [],
      "failures": [],
      "pending": [],
      "skipped": [],
      "duration": 0,
      "root": true,
      "rootEmpty": true,
      "_timeout": 0
    }
  ],
  "meta": {
    "mocha": {
      "version": "11.1.0"
    },
    "mochawesome": {
      "options": {
        "quiet": false,
        "reportFilename": "[status]-[datetime]-[name]-report",
        "saveHtml": true,
        "saveJson": true,
        "consoleReporter": "spec",
        "useInlineDiffs": false,
        "code": true
      },
      "version": "7.1.3"
    },
    "marge": {
      "options": {
        "reportDir": "/Workspace/seleniumDemo/TestReports",
        "reportFilename": "[status]-[datetime]-[name]-report"
      },
      "version": "6.2.0"
    }
  }
}