{
  "stats": {
    "suites": 2,
    "tests": 3,
    "passes": 3,
    "pending": 0,
    "failures": 0,
    "start": "2025-03-31T20:11:18.223Z",
    "end": "2025-03-31T20:11:21.921Z",
    "duration": 3698,
    "testsRegistered": 3,
    "passPercent": 100,
    "pendingPercent": 0,
    "other": 0,
    "hasOther": false,
    "skipped": 0,
    "hasSkipped": false
  },
  "results": [
    {
      "uuid": "f8b09708-8304-4531-89d7-27ff38f98edd",
      "title": "",
      "fullFile": "",
      "file": "",
      "beforeHooks": [],
      "afterHooks": [],
      "tests": [],
      "suites": [
        {
          "uuid": "4301b1ed-693a-4968-aa51-a8d89881489c",
          "title": "Test add todo tests - secondTest",
          "fullFile": "C:\\Workspace\\seleniumDemo\\test\\secondTest.js",
          "file": "\\test\\secondTest.js",
          "beforeHooks": [],
          "afterHooks": [],
          "tests": [
            {
              "title": "Test add todo - secondTest",
              "fullTitle": "Test add todo tests - secondTest Test add todo - secondTest",
              "timedOut": null,
              "duration": 1854,
              "state": "passed",
              "speed": "slow",
              "pass": true,
              "fail": false,
              "pending": false,
              "context": null,
              "code": "// Launch the browser\n        const options = new Chrome.Options();\n        let driver = await new Builder().forBrowser(Browser.CHROME).setChromeOptions(options.addArguments('--headless=new')).build();\n        //let driver = await new Builder().forBrowser(\"chrome\").build();\n        //navigate to our application\n        await driver.get(\"https://lambdatest.github.io/sample-todo-app/\");\n        //add a todo\n        await driver.findElement(By.id(\"sampletodotext\")).sendKeys(\"Sel Test\", Key.RETURN);\n        // assert using Node js assertions\n        let todoText = await driver.findElement(By.xpath(\"//li[last()]\")).getText();\n        //assert using chai should\n        todoText.should.equal(\"Sel Test\")\n        //close browser\n        await driver.quit();",
              "err": {},
              "uuid": "1eb90ac4-e5b0-4f09-bd94-4862715280cf",
              "parentUUID": null,
              "isHook": false,
              "skipped": false
            }
          ],
          "suites": [],
          "passes": [
            "1eb90ac4-e5b0-4f09-bd94-4862715280cf"
          ],
          "failures": [],
          "pending": [],
          "skipped": [],
          "duration": 1854,
          "root": false,
          "rootEmpty": false,
          "_timeout": null
        },
        {
          "uuid": "58f6abaa-aa1b-4334-9bbc-0a4bb0a7a6ee",
          "title": "Test add todo tests - thirdTest",
          "fullFile": "C:\\Workspace\\seleniumDemo\\test\\thirdTest.js",
          "file": "\\test\\thirdTest.js",
          "beforeHooks": [],
          "afterHooks": [],
          "tests": [
            {
              "title": "Test add todo - thirdTest",
              "fullTitle": "Test add todo tests - thirdTest Test add todo - thirdTest",
              "timedOut": null,
              "duration": 1931,
              "state": "passed",
              "speed": "slow",
              "pass": true,
              "fail": false,
              "pending": false,
              "context": null,
              "code": "//Set expected value\n        let expectedValue = \"Selenium Test\"\n        const options = new Chrome.Options();\n        //let driver = await new Builder().forBrowser(Browser.CHROME).setChromeOptions(options.addArguments('--headless=new')).build();\n        let driver = await new Builder().forBrowser(\"chrome\").build();\n        //navigate to our application\n        await driver.get(\"https://lambdatest.github.io/sample-todo-app/\");\n        //add a todo\n        await driver.findElement(By.id(\"sampletodotext\")).sendKeys(expectedValue, Key.RETURN);\n        // assert using Node js assertions\n        let todoText = await driver.findElement(By.xpath(\"//li[last()]\")).getText();\n        //assert using chai should\n        todoText.should.equal(expectedValue)\n        //close browser\n        await driver.quit();",
              "err": {},
              "uuid": "403aeddd-b59b-4074-9cf0-fbded1b495fc",
              "parentUUID": null,
              "isHook": false,
              "skipped": false
            },
            {
              "title": "Test add todo - fourthTest - for reporting ",
              "fullTitle": "Test add todo tests - thirdTest Test add todo - fourthTest - for reporting ",
              "timedOut": null,
              "duration": 1302,
              "state": "passed",
              "speed": "slow",
              "pass": true,
              "fail": false,
              "pending": false,
              "context": null,
              "code": "//Set expected value\n        let expectedValue = \"Selenium Test\"\n        const options = new Chrome.Options();\n        //let driver = await new Builder().forBrowser(Browser.CHROME).setChromeOptions(options.addArguments('--headless=new')).build();\n        let driver = await new Builder().forBrowser(\"chrome\").build();\n        //navigate to our application\n        await driver.get(\"https://lambdatest.github.io/sample-todo-app/\");\n        //add a todo\n        await driver.findElement(By.id(\"sampletodotext\")).sendKeys(expectedValue, Key.RETURN);\n        // assert using Node js assertions\n        let todoText = await driver.findElement(By.xpath(\"//li[last()]\")).getText();\n        //assert using chai should\n        todoText.should.equal(expectedValue)\n        //close browser\n        await driver.quit();",
              "err": {},
              "uuid": "6f82e716-2767-427d-9e25-b0c38d7eb5ae",
              "parentUUID": null,
              "isHook": false,
              "skipped": false
            }
          ],
          "suites": [],
          "passes": [
            "403aeddd-b59b-4074-9cf0-fbded1b495fc",
            "6f82e716-2767-427d-9e25-b0c38d7eb5ae"
          ],
          "failures": [],
          "pending": [],
          "skipped": [],
          "duration": 3233,
          "root": false,
          "rootEmpty": false,
          "_timeout": null
        }
      ],
      "passes": [],
      "failures": [],
      "pending": [],
      "skipped": [],
      "duration": 0,
      "root": true,
      "rootEmpty": true,
      "_timeout": 0
    }
  ],
  "meta": {
    "mocha": {
      "version": "11.1.0"
    },
    "mochawesome": {
      "options": {
        "quiet": false,
        "reportFilename": "[status]-[datetime]-[name]-report",
        "saveHtml": true,
        "saveJson": true,
        "consoleReporter": "spec",
        "useInlineDiffs": false,
        "code": true
      },
      "version": "7.1.3"
    },
    "marge": {
      "options": {
        "reportDir": "/Workspace/seleniumDemo/TestReports",
        "reportFilename": "[status]-[datetime]-[name]-report"
      },
      "version": "6.2.0"
    }
  }
}