{
  "stats": {
    "suites": 2,
    "tests": 3,
    "passes": 3,
    "pending": 0,
    "failures": 0,
    "start": "2025-03-31T18:26:32.414Z",
    "end": "2025-03-31T18:26:36.183Z",
    "duration": 3769,
    "testsRegistered": 3,
    "passPercent": 100,
    "pendingPercent": 0,
    "other": 0,
    "hasOther": false,
    "skipped": 0,
    "hasSkipped": false
  },
  "results": [
    {
      "uuid": "a16000b2-79ff-4ba9-99ec-100798f70159",
      "title": "",
      "fullFile": "",
      "file": "",
      "beforeHooks": [],
      "afterHooks": [],
      "tests": [],
      "suites": [
        {
          "uuid": "75d6a696-daab-4ba9-a07c-a3fe403368e2",
          "title": "Test add todo tests - secondTest",
          "fullFile": "C:\\Workspace\\seleniumDemo\\test\\secondTest.js",
          "file": "\\test\\secondTest.js",
          "beforeHooks": [],
          "afterHooks": [],
          "tests": [
            {
              "title": "Test add todo - secondTest",
              "fullTitle": "Test add todo tests - secondTest Test add todo - secondTest",
              "timedOut": false,
              "duration": 1408,
              "state": "passed",
              "speed": "slow",
              "pass": true,
              "fail": false,
              "pending": false,
              "context": null,
              "code": "// Launch the browser\n        // let driver = await new Builder().forBrowser(\"chrome\").build();\n        //  let driver = await new Builder().setChromeOptions(new chrome.Options().headless()).Build();\n        const options = new Chrome.Options();\n        let driver = await new Builder().forBrowser(Browser.CHROME).setChromeOptions(options.addArguments('--headless=new')).build();\n        // Launch the browser\n        //let driver = await new Builder().forBrowser(\"chrome\").setChromeOptions(options).build();\n        //let driver = await new Builder().forBrowser(\"chrome\").setChromeOptions(new chrome.Options().headless()).build();\n        //driver.setChromeOptions(new chrome.Options().headless());\n        //navigate to our application\n        await driver.get(\"https://lambdatest.github.io/sample-todo-app/\");\n        //add a todo\n        await driver.findElement(By.id(\"sampletodotext\")).sendKeys(\"Sel Test\", Key.RETURN);\n        // assert using Node js assertions\n        let todoText = await driver.findElement(By.xpath(\"//li[last()]\")).getText();\n        //assert using chai should\n        todoText.should.equal(\"Sel Test\")\n        //close browser\n        await driver.quit();",
              "err": {},
              "uuid": "2be19691-c0ae-40d3-b498-3b6d22a5cd1d",
              "parentUUID": "75d6a696-daab-4ba9-a07c-a3fe403368e2",
              "isHook": false,
              "skipped": false
            }
          ],
          "suites": [],
          "passes": [
            "2be19691-c0ae-40d3-b498-3b6d22a5cd1d"
          ],
          "failures": [],
          "pending": [],
          "skipped": [],
          "duration": 1408,
          "root": false,
          "rootEmpty": false,
          "_timeout": 0
        },
        {
          "uuid": "910e35fe-fb6f-49cb-9239-1118bfe69d2e",
          "title": "Test add todo tests - thirdTest",
          "fullFile": "C:\\Workspace\\seleniumDemo\\test\\thirdTest.js",
          "file": "\\test\\thirdTest.js",
          "beforeHooks": [],
          "afterHooks": [],
          "tests": [
            {
              "title": "Test add todo - thirdTest",
              "fullTitle": "Test add todo tests - thirdTest Test add todo - thirdTest",
              "timedOut": false,
              "duration": 1172,
              "state": "passed",
              "speed": "slow",
              "pass": true,
              "fail": false,
              "pending": false,
              "context": null,
              "code": "//Set expected value\n        let expectedValue = \"Selenium Test\"\n        const options = new Chrome.Options();\n        let driver = await new Builder().forBrowser(Browser.CHROME).setChromeOptions(options.addArguments('--headless=new')).build();\n        //navigate to our application\n        await driver.get(\"https://lambdatest.github.io/sample-todo-app/\");\n        //add a todo\n        await driver.findElement(By.id(\"sampletodotext\")).sendKeys(expectedValue, Key.RETURN);\n        // assert using Node js assertions\n        let todoText = await driver.findElement(By.xpath(\"//li[last()]\")).getText();\n        //assert using chai should\n        todoText.should.equal(expectedValue)\n        //close browser\n        await driver.quit();",
              "err": {},
              "uuid": "e7c6609f-6004-4480-8adf-be5576c056aa",
              "parentUUID": "910e35fe-fb6f-49cb-9239-1118bfe69d2e",
              "isHook": false,
              "skipped": false
            },
            {
              "title": "Test add todo - fourthTest - for reporting ",
              "fullTitle": "Test add todo tests - thirdTest Test add todo - fourthTest - for reporting ",
              "timedOut": false,
              "duration": 1175,
              "state": "passed",
              "speed": "slow",
              "pass": true,
              "fail": false,
              "pending": false,
              "context": null,
              "code": "//Set expected value\n        let expectedValue = \"Selenium Test\"\n        const options = new Chrome.Options();\n        let driver = await new Builder().forBrowser(Browser.CHROME).setChromeOptions(options.addArguments('--headless=new')).build();\n        //let driver = await new Builder().forBrowser(\"chrome\").setChromeOptions(new chrome.Options().headless()).build();\n        //driver.setChromeOptions(new chrome.Options().headless());\n        //navigate to our application\n        await driver.get(\"https://lambdatest.github.io/sample-todo-app/\");\n        //add a todo\n        await driver.findElement(By.id(\"sampletodotext\")).sendKeys(expectedValue, Key.RETURN);\n        // assert using Node js assertions\n        let todoText = await driver.findElement(By.xpath(\"//li[last()]\")).getText();\n        //assert using chai should\n        todoText.should.equal(expectedValue)\n        //close browser\n        await driver.quit();",
              "err": {},
              "uuid": "3b20103d-cae1-4efe-8b88-cbd83e53ee7e",
              "parentUUID": "910e35fe-fb6f-49cb-9239-1118bfe69d2e",
              "isHook": false,
              "skipped": false
            }
          ],
          "suites": [],
          "passes": [
            "e7c6609f-6004-4480-8adf-be5576c056aa",
            "3b20103d-cae1-4efe-8b88-cbd83e53ee7e"
          ],
          "failures": [],
          "pending": [],
          "skipped": [],
          "duration": 2347,
          "root": false,
          "rootEmpty": false,
          "_timeout": 0
        }
      ],
      "passes": [],
      "failures": [],
      "pending": [],
      "skipped": [],
      "duration": 0,
      "root": true,
      "rootEmpty": true,
      "_timeout": 0
    }
  ],
  "meta": {
    "mocha": {
      "version": "11.1.0"
    },
    "mochawesome": {
      "options": {
        "quiet": false,
        "reportFilename": "[status]-[datetime]-[name]-report",
        "saveHtml": true,
        "saveJson": true,
        "consoleReporter": "spec",
        "useInlineDiffs": false,
        "code": true
      },
      "version": "7.1.3"
    },
    "marge": {
      "options": {
        "reportDir": "/Workspace/seleniumDemo/TestReports",
        "reportFilename": "[status]-[datetime]-[name]-report"
      },
      "version": "6.2.0"
    }
  }
}